<?xml version="1.0" encoding="UTF-8"?>
<!-- Generated by org.testng.reporters.JUnitReportReporter -->
<testsuite hostname="SGMacBookPROs-MacBook-Pro.local" name="Native.SanityAndroid" tests="1" failures="1" timestamp="24 Sep 2015 05:26:17 GMT" time="0.016" errors="0">
  <testcase name="loginSample" time="0.016" classname="Native.SanityAndroid">
    <failure type="org.openqa.selenium.SessionNotCreatedException" message="A new session could not be created. (Original error: Could not find a connected Android device.) (WARNING: The server did not provide any stacktrace information)
Command duration or timeout: 31.41 seconds
Build info: version: &#039;2.44.0&#039;, revision: &#039;76d78cf323ce037c5f92db6c1bba601c2ac43ad8&#039;, time: &#039;2014-10-23 13:11:40&#039;
System info: host: &#039;SGMacBookPROs-MacBook-Pro.local&#039;, ip: &#039;10.0.0.92&#039;, os.name: &#039;Mac OS X&#039;, os.arch: &#039;x86_64&#039;, os.version: &#039;10.10.5&#039;, java.version: &#039;1.8.0_40&#039;
Driver info: io.appium.java_client.android.AndroidDriver">
      <![CDATA[org.openqa.selenium.SessionNotCreatedException: A new session could not be created. (Original error: Could not find a connected Android device.) (WARNING: The server did not provide any stacktrace information)
Command duration or timeout: 31.41 seconds
Build info: version: '2.44.0', revision: '76d78cf323ce037c5f92db6c1bba601c2ac43ad8', time: '2014-10-23 13:11:40'
System info: host: 'SGMacBookPROs-MacBook-Pro.local', ip: '10.0.0.92', os.name: 'Mac OS X', os.arch: 'x86_64', os.version: '10.10.5', java.version: '1.8.0_40'
Driver info: io.appium.java_client.android.AndroidDriver
	at sun.reflect.NativeConstructorAccessorImpl.newInstance0(Native Method)
	at sun.reflect.NativeConstructorAccessorImpl.newInstance(NativeConstructorAccessorImpl.java:62)
	at sun.reflect.DelegatingConstructorAccessorImpl.newInstance(DelegatingConstructorAccessorImpl.java:45)
	at java.lang.reflect.Constructor.newInstance(Constructor.java:422)
	at org.openqa.selenium.remote.ErrorHandler.createThrowable(ErrorHandler.java:204)
	at org.openqa.selenium.remote.ErrorHandler.throwIfResponseFailed(ErrorHandler.java:156)
	at org.openqa.selenium.remote.RemoteWebDriver.execute(RemoteWebDriver.java:599)
	at io.appium.java_client.AppiumDriver.execute(AppiumDriver.java:180)
	at org.openqa.selenium.remote.RemoteWebDriver.startSession(RemoteWebDriver.java:240)
	at org.openqa.selenium.remote.RemoteWebDriver.<init>(RemoteWebDriver.java:126)
	at org.openqa.selenium.remote.RemoteWebDriver.<init>(RemoteWebDriver.java:153)
	at io.appium.java_client.AppiumDriver.<init>(AppiumDriver.java:109)
	at io.appium.java_client.android.AndroidDriver.<init>(AndroidDriver.java:39)
	at Native.DroidMethods.setCapabilitiesAndroid(DroidMethods.java:155)
	at Native.SanityAndroid.setupBeforeSuite(SanityAndroid.java:53)
	at sun.reflect.NativeMethodAccessorImpl.invoke0(Native Method)
	at sun.reflect.NativeMethodAccessorImpl.invoke(NativeMethodAccessorImpl.java:62)
	at sun.reflect.DelegatingMethodAccessorImpl.invoke(DelegatingMethodAccessorImpl.java:43)
	at java.lang.reflect.Method.invoke(Method.java:497)
	at org.testng.internal.MethodInvocationHelper.invokeMethod(MethodInvocationHelper.java:84)
	at org.testng.internal.Invoker.invokeConfigurationMethod(Invoker.java:564)
	at org.testng.internal.Invoker.invokeConfigurations(Invoker.java:213)
	at org.testng.internal.Invoker.invokeConfigurations(Invoker.java:138)
	at org.testng.SuiteRunner.privateRun(SuiteRunner.java:277)
	at org.testng.SuiteRunner.run(SuiteRunner.java:240)
	at org.testng.SuiteRunnerWorker.runSuite(SuiteRunnerWorker.java:52)
	at org.testng.SuiteRunnerWorker.run(SuiteRunnerWorker.java:86)
	at org.testng.TestNG.runSuitesSequentially(TestNG.java:1224)
	at org.testng.TestNG.runSuitesLocally(TestNG.java:1149)
	at org.testng.TestNG.run(TestNG.java:1057)
	at org.testng.remote.RemoteTestNG.run(RemoteTestNG.java:111)
	at org.testng.remote.RemoteTestNG.initAndRun(RemoteTestNG.java:204)
	at org.testng.remote.RemoteTestNG.main(RemoteTestNG.java:175)
]]>
    </failure>
  </testcase> <!-- loginSample -->
</testsuite> <!-- Native.SanityAndroid -->
