<?xml version="1.0" encoding="UTF-8"?>
<!-- Generated by org.testng.reporters.JUnitReportReporter -->
<testsuite hostname="SGMacBookPROs-MacBook-Pro.local" name="Native.SanityAndroid" tests="1" failures="0" timestamp="24 Sep 2015 13:55:02 GMT" time="130.905" errors="0">
  <testcase name="loginSample" time="130.905" classname="Native.SanityAndroid"/>
</testsuite> <!-- Native.SanityAndroid -->
