<?xml version="1.0" encoding="UTF-8"?>
<!-- Generated by org.testng.reporters.JUnitReportReporter -->
<testsuite hostname="SGMacBookPROs-MacBook-Pro.local" name="Native.SanityAndroid" tests="1" failures="0" timestamp="10 Sep 2015 12:37:48 GMT" time="135.225" errors="0">
  <testcase name="loginSample" time="135.225" classname="Native.SanityAndroid"/>
</testsuite> <!-- Native.SanityAndroid -->
