<?xml version="1.0" encoding="UTF-8"?>
<!-- Generated by org.testng.reporters.JUnitReportReporter -->
<testsuite hostname="SGMacBookPROs-MacBook-Pro.local" name="Native.SanityAndroid" tests="1" failures="0" timestamp="9 Sep 2015 18:52:35 GMT" time="178.977" errors="0">
  <testcase name="loginSample" time="178.977" classname="Native.SanityAndroid"/>
</testsuite> <!-- Native.SanityAndroid -->
