<?xml version="1.0" encoding="UTF-8"?>
<!-- Generated by org.testng.reporters.JUnitReportReporter -->
<testsuite hostname="SGMacBookPROs-MacBook-Pro.local" name="Native.SanityAndroid" tests="1" failures="0" timestamp="6 Sep 2015 18:21:05 GMT" time="25.174" errors="0">
  <testcase name="loginSample" time="25.174" classname="Native.SanityAndroid"/>
</testsuite> <!-- Native.SanityAndroid -->
